Toplam 86 dizi bulundu.
İkinci El Kralları Bölümler, Kısa Videolar, Haberler çekiliyor...
Ed Stafford ile Ormana Dönüş Bölümler, Kısa Videolar, Haberler çekiliyor...
Sakkara: Hiyerogliflerin Sırrı Bölümler, Kısa Videolar, Haberler çekiliyor...
Gizli Milyarder Bölümler, Kısa Videolar, Haberler çekiliyor...
Robert Downey Jr.&#039;ın Rüya Arabaları Bölümler, Kısa Videolar, Haberler çekiliyor...
Sakkara: Hiyerogliflerin Sırrı Bölümler, Kısa Videolar, Haberler tamamlandı, 0 bölüm bulundu.
Hurda Avcıları Bölümler, Kısa Videolar, Haberler çekiliyor...
Robert Downey Jr.&#039;ın Rüya Arabaları Bölümler, Kısa Videolar, Haberler tamamlandı, 6 bölüm bulundu.
Antik Mısır: Bir İmparatorluğun Güncesi Bölümler, Kısa Videolar, Haberler çekiliyor...
Ed Stafford ile Ormana Dönüş Bölümler, Kısa Videolar, Haberler tamamlandı, 12 bölüm bulundu.
Piramitler: Gizem Aydınlanıyor Bölümler, Kısa Videolar, Haberler çekiliyor...
Antik Mısır: Bir İmparatorluğun Güncesi Bölümler, Kısa Videolar, Haberler tamamlandı, 8 bölüm bulundu.
Bir Soygunun İçinde Bölümler, Kısa Videolar, Haberler çekiliyor...
Gizli Milyarder Bölümler, Kısa Videolar, Haberler tamamlandı, 22 bölüm bulundu.
Alaska Evleri Bölümler, Kısa Videolar, Haberler çekiliyor...
Piramitler: Gizem Aydınlanıyor Bölümler, Kısa Videolar, Haberler tamamlandı, 12 bölüm bulundu.
Altın Peşinde Bölümler, Kısa Videolar, Haberler çekiliyor...
Bir Soygunun İçinde Bölümler, Kısa Videolar, Haberler tamamlandı, 12 bölüm bulundu.
Ed Stafford ile Çingenelerle 60 Gün Bölümler, Kısa Videolar, Haberler çekiliyor...
Ed Stafford ile Çingenelerle 60 Gün Bölümler, Kısa Videolar, Haberler tamamlandı, 0 bölüm bulundu.
Sakın Yakalanma! Bölümler, Kısa Videolar, Haberler çekiliyor...
Sakın Yakalanma! Bölümler, Kısa Videolar, Haberler tamamlandı, 0 bölüm bulundu.
Denizde Can Derdinde Bölümler, Kısa Videolar, Haberler çekiliyor...
Denizde Can Derdinde Bölümler, Kısa Videolar, Haberler tamamlandı, 9 bölüm bulundu.
Biggie ve Tupac&#039;ı Kim Öldürdü? Bölümler, Kısa Videolar, Haberler çekiliyor...
Biggie ve Tupac&#039;ı Kim Öldürdü? Bölümler, Kısa Videolar, Haberler tamamlandı, 3 bölüm bulundu.
Escobar&#039;ın Kayıp Milyonları Bölümler, Kısa Videolar, Haberler çekiliyor...
Alaska Evleri Bölümler, Kısa Videolar, Haberler tamamlandı, 49 bölüm bulundu.
Tamirat Tadilat Bölümler, Kısa Videolar, Haberler çekiliyor...
Escobar&#039;ın Kayıp Milyonları Bölümler, Kısa Videolar, Haberler tamamlandı, 11 bölüm bulundu.
Alaska Üçgeni  Bölümler, Kısa Videolar, Haberler çekiliyor...
Alaska Üçgeni  Bölümler, Kısa Videolar, Haberler tamamlandı, 20 bölüm bulundu.
Hurda Avcıları Bölümler, Kısa Videolar, Haberler tamamlandı, 130 bölüm bulundu.
Bilinmeyene Yolculuk: Geleceğe Dönüş Bölümler, Kısa Videolar, Haberler çekiliyor...
Bilinmeyene Yolculuk: Geleceğe Dönüş Bölümler, Kısa Videolar, Haberler tamamlandı, 4 bölüm bulundu.
Ed Stafford ile Amazon Macerası Bölümler, Kısa Videolar, Haberler çekiliyor...
Ed Stafford ile Amazon Macerası Bölümler, Kısa Videolar, Haberler tamamlandı, 0 bölüm bulundu.
Gizli Milyarder: İkinci Şans Bölümler, Kısa Videolar, Haberler çekiliyor...
Gizli Milyarder: İkinci Şans Bölümler, Kısa Videolar, Haberler tamamlandı, 5 bölüm bulundu.
Hazine Arayışı: Yılan Adası Bölümler, Kısa Videolar, Haberler çekiliyor...
Hazine Arayışı: Yılan Adası Bölümler, Kısa Videolar, Haberler tamamlandı, 2 bölüm bulundu.
Guy&#039;ın Hawaii Tarzı Bölümler, Kısa Videolar, Haberler çekiliyor...
Guy&#039;ın Hawaii Tarzı Bölümler, Kısa Videolar, Haberler tamamlandı, 4 bölüm bulundu.
Mike Brewer&#039; Araba Dünyası Bölümler, Kısa Videolar, Haberler çekiliyor...
Tamirat Tadilat Bölümler, Kısa Videolar, Haberler tamamlandı, 84 bölüm bulundu.
yolda-ne-yiyoruz çekiliyor...
yolda-ne-yiyoruz tamamlandı, 0 bölüm bulundu.
krallar-vadisi-kayip-mezarlar çekiliyor...
krallar-vadisi-kayip-mezarlar tamamlandı, 0 bölüm bulundu.
Mike Brewer&#039; Araba Dünyası Bölümler, Kısa Videolar, Haberler tamamlandı, 10 bölüm bulundu.
everest-hava-kurtarma-ekibi çekiliyor...
Üç Adam Dört Teker Bölümler, Kısa Videolar, Haberler çekiliyor...
everest-hava-kurtarma-ekibi tamamlandı, 0 bölüm bulundu.
kurtul-bakalim çekiliyor...
kurtul-bakalim tamamlandı, 0 bölüm bulundu.
lezzet-pesinde çekiliyor...
lezzet-pesinde tamamlandı, 0 bölüm bulundu.
bear-grylls-ile-everest-mucadelesi çekiliyor...
bear-grylls-ile-everest-mucadelesi tamamlandı, 0 bölüm bulundu.
hayalet-hastanesi çekiliyor...
Üç Adam Dört Teker Bölümler, Kısa Videolar, Haberler tamamlandı, 20 bölüm bulundu.
Ninja Warrior Bölümler, Kısa Videolar, Haberler çekiliyor...
hayalet-hastanesi tamamlandı, 0 bölüm bulundu.
Ninja Warrior Bölümler, Kısa Videolar, Haberler tamamlandı, 0 bölüm bulundu.
Antika Avcıları Bölümler, Kısa Videolar, Haberler çekiliyor...
Antika Avcıları Bölümler, Kısa Videolar, Haberler tamamlandı, 0 bölüm bulundu.
Usta Şoförler Bölümler, Kısa Videolar, Haberler çekiliyor...
kirsalda-yasamak-zor çekiliyor...
kirsalda-yasamak-zor tamamlandı, 0 bölüm bulundu.
korku-rotasi çekiliyor...
korku-rotasi tamamlandı, 0 bölüm bulundu.
Usta Şoförler Bölümler, Kısa Videolar, Haberler tamamlandı, 8 bölüm bulundu.
dogada-dimdizlak çekiliyor...
Everest Kurtarma Ekibi Bölümler, Kısa Videolar, Haberler çekiliyor...
dogada-dimdizlak tamamlandı, 0 bölüm bulundu.
bear-grylls-ile-zor-kurtulus çekiliyor...
bear-grylls-ile-zor-kurtulus tamamlandı, 0 bölüm bulundu.
Everest Kurtarma Ekibi Bölümler, Kısa Videolar, Haberler tamamlandı, 6 bölüm bulundu.
Bering Boğazı&#039;nda Altın Bölümler, Kısa Videolar, Haberler çekiliyor...
ed-stafford-ile-adada-60-gun çekiliyor...
ed-stafford-ile-adada-60-gun tamamlandı, 0 bölüm bulundu.
morgan-freeman-ile-evrenin-sirlari çekiliyor...
morgan-freeman-ile-evrenin-sirlari tamamlandı, 0 bölüm bulundu.
alaskayi-mesken-tuttuk çekiliyor...
alaskayi-mesken-tuttuk tamamlandı, 0 bölüm bulundu.
vahsi-frank çekiliyor...
vahsi-frank tamamlandı, 0 bölüm bulundu.
megan-fox-ile-kayip-efsaneler çekiliyor...
megan-fox-ile-kayip-efsaneler tamamlandı, 0 bölüm bulundu.
hazinelerin-sirri çekiliyor...
hazinelerin-sirri tamamlandı, 0 bölüm bulundu.
bilinmeyene-yolculuk çekiliyor...
bilinmeyene-yolculuk tamamlandı, 0 bölüm bulundu.
tyson-kopekbaligina-karsi çekiliyor...
tyson-kopekbaligina-karsi tamamlandı, 0 bölüm bulundu.
tamir-ustasi-ant-anstead çekiliyor...
tamir-ustasi-ant-anstead tamamlandı, 0 bölüm bulundu.
alaskanin-uc-noktasi çekiliyor...
alaskanin-uc-noktasi tamamlandı, 0 bölüm bulundu.
nasil-yapilir çekiliyor...
nasil-yapilir tamamlandı, 0 bölüm bulundu.
ed-stafford-ve-ailesi-yabanda çekiliyor...
ed-stafford-ve-ailesi-yabanda tamamlandı, 0 bölüm bulundu.
kirli-isler çekiliyor...
kirli-isler tamamlandı, 0 bölüm bulundu.
ben-bunu-yerim çekiliyor...
ben-bunu-yerim tamamlandı, 0 bölüm bulundu.
hayvanlar-bunu-nasil-yapiyor çekiliyor...
hayvanlar-bunu-nasil-yapiyor tamamlandı, 0 bölüm bulundu.
truva-ati-bir-efsanenin-izinde çekiliyor...
apollo-kayip-kayitlar çekiliyor...
apollo-kayip-kayitlar tamamlandı, 0 bölüm bulundu.
yukonda-yasam çekiliyor...
yukonda-yasam tamamlandı, 0 bölüm bulundu.
goblin-works-garaji çekiliyor...
goblin-works-garaji tamamlandı, 0 bölüm bulundu.
yabanda-kayip çekiliyor...
yabanda-kayip tamamlandı, 0 bölüm bulundu.
yokolusun-sinirinda çekiliyor...
yokolusun-sinirinda tamamlandı, 0 bölüm bulundu.
nasil-uretilmis çekiliyor...
Bering Boğazı&#039;nda Altın Bölümler, Kısa Videolar, Haberler tamamlandı, 108 bölüm bulundu.
nasil-uretilmis tamamlandı, 0 bölüm bulundu.
Ateş ve Yemek Bölümler, Kısa Videolar, Haberler çekiliyor...
canavar-timsah-isgali çekiliyor...
canavar-timsah-isgali tamamlandı, 0 bölüm bulundu.
jeff-bezosun-uzay-yolculugu çekiliyor...
jeff-bezosun-uzay-yolculugu tamamlandı, 0 bölüm bulundu.
larry-ve-george-turkiyede çekiliyor...
larry-ve-george-turkiyede tamamlandı, 0 bölüm bulundu.
nasanin-aciklanamayan-dosyalari çekiliyor...
nasanin-aciklanamayan-dosyalari tamamlandı, 0 bölüm bulundu.
merak-dunyanin-en-pis-adami çekiliyor...
Ateş ve Yemek Bölümler, Kısa Videolar, Haberler tamamlandı, 3 bölüm bulundu.
merak-dunyanin-en-pis-adami tamamlandı, 0 bölüm bulundu.
dizel-kardesler çekiliyor...
her-sey-nasil-yapilir çekiliyor...
dizel-kardesler tamamlandı, 0 bölüm bulundu.
her-sey-nasil-yapilir tamamlandı, 0 bölüm bulundu.
tesla-bir-cinayetin-perde-arkasi çekiliyor...
sas-cesaret-eden-kazanir çekiliyor...
tesla-bir-cinayetin-perde-arkasi tamamlandı, 0 bölüm bulundu.
sas-cesaret-eden-kazanir tamamlandı, 0 bölüm bulundu.
bermuda-seytan-ucgeni-laneti çekiliyor...
altin-pesinde-parkerin-yolu çekiliyor...
bermuda-seytan-ucgeni-laneti tamamlandı, 0 bölüm bulundu.
altin-pesinde-parkerin-yolu tamamlandı, 0 bölüm bulundu.
emlak-savaslari çekiliyor...
nasanin-gelecege-yolculugu çekiliyor...
emlak-savaslari tamamlandı, 0 bölüm bulundu.
nasanin-gelecege-yolculugu tamamlandı, 0 bölüm bulundu.
sira-disi-karavanlar çekiliyor...
amerikali-tarzan çekiliyor...
amerikali-tarzan tamamlandı, 4 bölüm bulundu.
Şifreler ve Komplolar Bölümler, Kısa Videolar, Haberler çekiliyor...
Şifreler ve Komplolar Bölümler, Kısa Videolar, Haberler tamamlandı, 0 bölüm bulundu.
Gürkan Şef ile Ateş Oyunları Bölümler, Kısa Videolar, Haberler çekiliyor...
Gürkan Şef ile Ateş Oyunları Bölümler, Kısa Videolar, Haberler tamamlandı, 0 bölüm bulundu.
Otoban Bölümler, Kısa Videolar, Haberler çekiliyor...
Otoban Bölümler, Kısa Videolar, Haberler tamamlandı, 12 bölüm bulundu.
Denizkızları: Yeni Kanıt Bölümler, Kısa Videolar, Haberler çekiliyor...
Denizkızları: Yeni Kanıt Bölümler, Kısa Videolar, Haberler tamamlandı, 0 bölüm bulundu.
Gümrük Kontrol Bölümler, Kısa Videolar, Haberler çekiliyor...
sira-disi-karavanlar tamamlandı, 42 bölüm bulundu.
Merak: Yellowstone Ulusal Parkı Bölümler, Kısa Videolar, Haberler çekiliyor...
Merak: Yellowstone Ulusal Parkı Bölümler, Kısa Videolar, Haberler tamamlandı, 0 bölüm bulundu.
Maradona&#039;yı Öldüren Sır Bölümler, Kısa Videolar, Haberler çekiliyor...
Maradona&#039;yı Öldüren Sır Bölümler, Kısa Videolar, Haberler tamamlandı, 1 bölüm bulundu.
Gümrük Kontrol Bölümler, Kısa Videolar, Haberler tamamlandı, 30 bölüm bulundu.
truva-ati-bir-efsanenin-izinde tamamlandı, 0 bölüm bulundu.
İkinci El Kralları Bölümler, Kısa Videolar, Haberler tamamlandı, 154 bölüm bulundu.
Altın Peşinde Bölümler, Kısa Videolar, Haberler tamamlandı, 179 bölüm bulundu.
Tüm diziler işlendi!
